<?xml version="1.0" encoding="UTF-8"?>
<testng-results skipped="0" failed="1" total="1" passed="0">
  <reporter-output>
  </reporter-output>
  <suite name="Default suite" duration-ms="473500" started-at="2018-02-13T14:09:33Z" finished-at="2018-02-13T14:17:26Z">
    <groups>
      <group name="p1">
        <method signature="SmokeTest.NMA_989_VerifyTheDropOffScreenTripsDetails()[pri:0, instance:test_definition.SmokeTest@bd8db5a]" name="NMA_989_VerifyTheDropOffScreenTripsDetails" class="test_definition.SmokeTest"/>
      </group> <!-- p1 -->
      <group name="smoke">
        <method signature="SmokeTest.NMA_989_VerifyTheDropOffScreenTripsDetails()[pri:0, instance:test_definition.SmokeTest@bd8db5a]" name="NMA_989_VerifyTheDropOffScreenTripsDetails" class="test_definition.SmokeTest"/>
      </group> <!-- smoke -->
    </groups>
    <test name="Default test" duration-ms="473500" started-at="2018-02-13T14:09:33Z" finished-at="2018-02-13T14:17:26Z">
      <class name="test_definition.SmokeTest">
        <test-method status="PASS" signature="setUp(java.lang.reflect.Method)[pri:0, instance:test_definition.SmokeTest@bd8db5a]" name="setUp" is-config="true" duration-ms="215620" started-at="2018-02-13T19:39:33Z" finished-at="2018-02-13T19:43:09Z">
          <params>
            <param index="0">
              <value>
                <![CDATA[public void test_definition.SmokeTest.NMA_989_VerifyTheDropOffScreenTripsDetails() throws java.lang.Exception]]>
              </value>
            </param>
          </params>
          <reporter-output>
          </reporter-output>
        </test-method> <!-- setUp -->
        <test-method status="FAIL" signature="NMA_989_VerifyTheDropOffScreenTripsDetails()[pri:0, instance:test_definition.SmokeTest@bd8db5a]" name="NMA_989_VerifyTheDropOffScreenTripsDetails" duration-ms="254171" started-at="2018-02-13T19:43:09Z" finished-at="2018-02-13T19:47:23Z">
          <exception class="java.lang.AssertionError">
            <message>
              <![CDATA[drop - Off number is not displayed expected [true] but found [false]]]>
            </message>
            <full-stacktrace>
              <![CDATA[java.lang.AssertionError: drop - Off number is not displayed expected [true] but found [false]
	at org.testng.Assert.fail(Assert.java:94)
	at org.testng.Assert.failNotEquals(Assert.java:513)
	at org.testng.Assert.assertTrue(Assert.java:42)
	at business_Logic.TripListPage_Common.verifyTheDropOfFdetailsForAssignedOrCancelledOrCompletedInTripDetails(TripListPage_Common.java:1115)
	at test_definition.SmokeTest.NMA_989_VerifyTheDropOffScreenTripsDetails(SmokeTest.java:201)
	at sun.reflect.NativeMethodAccessorImpl.invoke0(Native Method)
	at sun.reflect.NativeMethodAccessorImpl.invoke(NativeMethodAccessorImpl.java:62)
	at sun.reflect.DelegatingMethodAccessorImpl.invoke(DelegatingMethodAccessorImpl.java:43)
	at java.lang.reflect.Method.invoke(Method.java:498)
	at org.testng.internal.MethodInvocationHelper.invokeMethod(MethodInvocationHelper.java:86)
	at org.testng.internal.Invoker.invokeMethod(Invoker.java:643)
	at org.testng.internal.Invoker.invokeTestMethod(Invoker.java:820)
	at org.testng.internal.Invoker.invokeTestMethods(Invoker.java:1128)
	at org.testng.internal.TestMethodWorker.invokeTestMethods(TestMethodWorker.java:129)
	at org.testng.internal.TestMethodWorker.run(TestMethodWorker.java:112)
	at org.testng.TestRunner.privateRun(TestRunner.java:782)
	at org.testng.TestRunner.run(TestRunner.java:632)
	at org.testng.SuiteRunner.runTest(SuiteRunner.java:366)
	at org.testng.SuiteRunner.runSequentially(SuiteRunner.java:361)
	at org.testng.SuiteRunner.privateRun(SuiteRunner.java:319)
	at org.testng.SuiteRunner.run(SuiteRunner.java:268)
	at org.testng.SuiteRunnerWorker.runSuite(SuiteRunnerWorker.java:52)
	at org.testng.SuiteRunnerWorker.run(SuiteRunnerWorker.java:86)
	at org.testng.TestNG.runSuitesSequentially(TestNG.java:1244)
	at org.testng.TestNG.runSuitesLocally(TestNG.java:1169)
	at org.testng.TestNG.run(TestNG.java:1064)
	at org.testng.remote.AbstractRemoteTestNG.run(AbstractRemoteTestNG.java:114)
	at org.testng.remote.RemoteTestNG.initAndRun(RemoteTestNG.java:251)
	at org.testng.remote.RemoteTestNG.main(RemoteTestNG.java:77)
]]>
            </full-stacktrace>
          </exception> <!-- java.lang.AssertionError -->
          <reporter-output>
          </reporter-output>
        </test-method> <!-- NMA_989_VerifyTheDropOffScreenTripsDetails -->
        <test-method status="PASS" signature="endApplication(org.testng.ITestResult)[pri:0, instance:test_definition.SmokeTest@bd8db5a]" name="endApplication" is-config="true" duration-ms="3664" started-at="2018-02-13T19:47:23Z" finished-at="2018-02-13T19:47:26Z">
          <params>
            <param index="0">
              <value>
                <![CDATA[[TestResult name=NMA_989_VerifyTheDropOffScreenTripsDetails status=FAILURE method=SmokeTest.NMA_989_VerifyTheDropOffScreenTripsDetails()[pri:0, instance:test_definition.SmokeTest@bd8db5a] output={null}]]]>
              </value>
            </param>
          </params>
          <reporter-output>
          </reporter-output>
        </test-method> <!-- endApplication -->
      </class> <!-- test_definition.SmokeTest -->
    </test> <!-- Default test -->
  </suite> <!-- Default suite -->
</testng-results>
