<?xml version="1.0" encoding="UTF-8"?>
<!-- Generated by org.testng.reporters.JUnitReportReporter -->
<testsuite hostname="A2MD24805M.local" name="test_definition.Welcome" tests="1" failures="0" timestamp="9 Feb 2018 11:47:08 GMT" time="195.630" errors="1">
  <testcase name="verifyUserCanTapOnAddCrewButtoninWelcomePage" time="195.630" classname="test_definition.Welcome">
    <error type="org.openqa.selenium.TimeoutException" message="Expected condition failed: waiting for element to be clickable: Located by By.id: img_AddCrew (tried for 15 second(s) with 500 MILLISECONDS interval)
Build info: version: &#039;3.8.0&#039;, revision: &#039;924c4067df&#039;, time: &#039;2017-11-30T11:20:39.408Z&#039;
System info: host: &#039;A2MD24805M.local&#039;, ip: &#039;fe80:0:0:0:14df:63d6:43cb:3d78%en0&#039;, os.name: &#039;Mac OS X&#039;, os.arch: &#039;x86_64&#039;, os.version: &#039;10.13.1&#039;, java.version: &#039;1.8.0_152&#039;
Driver info: io.appium.java_client.ios.IOSDriver
Capabilities {agentPath: /Applications/Appium.app/Co..., app: /Volumes/Data/ipa/Navigator..., automationName: XCUITest, bootstrapPath: /Applications/Appium.app/Co..., browserName: , bundleId: com.zoll.navigatorapp, databaseEnabled: false, deviceName: iPad, javascriptEnabled: true, locationContextEnabled: false, networkConnectionEnabled: false, noReset: true, platform: MAC, platformName: MAC, platformVersion: 10.3.3, takesScreenshot: true, udid: 452d395611353fc2de926484e99..., useNewWDA: false, webStorageEnabled: false, xcodeOrgId: JMJ682N8VQ, xcodeSigningId: iPhone Developer}
Session ID: f2147121-2977-4db6-95cf-8885f78f562d">
      <![CDATA[org.openqa.selenium.TimeoutException: Expected condition failed: waiting for element to be clickable: Located by By.id: img_AddCrew (tried for 15 second(s) with 500 MILLISECONDS interval)
Build info: version: '3.8.0', revision: '924c4067df', time: '2017-11-30T11:20:39.408Z'
System info: host: 'A2MD24805M.local', ip: 'fe80:0:0:0:14df:63d6:43cb:3d78%en0', os.name: 'Mac OS X', os.arch: 'x86_64', os.version: '10.13.1', java.version: '1.8.0_152'
Driver info: io.appium.java_client.ios.IOSDriver
Capabilities {agentPath: /Applications/Appium.app/Co..., app: /Volumes/Data/ipa/Navigator..., automationName: XCUITest, bootstrapPath: /Applications/Appium.app/Co..., browserName: , bundleId: com.zoll.navigatorapp, databaseEnabled: false, deviceName: iPad, javascriptEnabled: true, locationContextEnabled: false, networkConnectionEnabled: false, noReset: true, platform: MAC, platformName: MAC, platformVersion: 10.3.3, takesScreenshot: true, udid: 452d395611353fc2de926484e99..., useNewWDA: false, webStorageEnabled: false, xcodeOrgId: JMJ682N8VQ, xcodeSigningId: iPhone Developer}
Session ID: f2147121-2977-4db6-95cf-8885f78f562d
	at org.openqa.selenium.support.ui.WebDriverWait.timeoutException(WebDriverWait.java:82)
	at org.openqa.selenium.support.ui.FluentWait.until(FluentWait.java:231)
	at utilities.ActionUtility.waitForElementClickable(ActionUtility.java:395)
	at utilities.ActionUtility.click(ActionUtility.java:71)
	at business_Logic.WelcomePage_Common.clickOnAddCrewMemberButton(WelcomePage_Common.java:236)
	at test_definition.Welcome.verifyUserCanTapOnAddCrewButtoninWelcomePage(Welcome.java:170)
	at sun.reflect.NativeMethodAccessorImpl.invoke0(Native Method)
	at sun.reflect.NativeMethodAccessorImpl.invoke(NativeMethodAccessorImpl.java:62)
	at sun.reflect.DelegatingMethodAccessorImpl.invoke(DelegatingMethodAccessorImpl.java:43)
	at java.lang.reflect.Method.invoke(Method.java:498)
	at org.testng.internal.MethodInvocationHelper.invokeMethod(MethodInvocationHelper.java:86)
	at org.testng.internal.Invoker.invokeMethod(Invoker.java:643)
	at org.testng.internal.Invoker.invokeTestMethod(Invoker.java:820)
	at org.testng.internal.Invoker.invokeTestMethods(Invoker.java:1128)
	at org.testng.internal.TestMethodWorker.invokeTestMethods(TestMethodWorker.java:129)
	at org.testng.internal.TestMethodWorker.run(TestMethodWorker.java:112)
	at org.testng.TestRunner.privateRun(TestRunner.java:782)
	at org.testng.TestRunner.run(TestRunner.java:632)
	at org.testng.SuiteRunner.runTest(SuiteRunner.java:366)
	at org.testng.SuiteRunner.runSequentially(SuiteRunner.java:361)
	at org.testng.SuiteRunner.privateRun(SuiteRunner.java:319)
	at org.testng.SuiteRunner.run(SuiteRunner.java:268)
	at org.testng.SuiteRunnerWorker.runSuite(SuiteRunnerWorker.java:52)
	at org.testng.SuiteRunnerWorker.run(SuiteRunnerWorker.java:86)
	at org.testng.TestNG.runSuitesSequentially(TestNG.java:1244)
	at org.testng.TestNG.runSuitesLocally(TestNG.java:1169)
	at org.testng.TestNG.run(TestNG.java:1064)
	at org.testng.remote.AbstractRemoteTestNG.run(AbstractRemoteTestNG.java:114)
	at org.testng.remote.RemoteTestNG.initAndRun(RemoteTestNG.java:251)
	at org.testng.remote.RemoteTestNG.main(RemoteTestNG.java:77)
]]>
    </error>
  </testcase> <!-- verifyUserCanTapOnAddCrewButtoninWelcomePage -->
</testsuite> <!-- test_definition.Welcome -->
