<?xml version="1.0" encoding="UTF-8"?>
<!-- Generated by org.testng.reporters.JUnitXMLReporter -->
<testsuite hostname="A2ML29334" ignored="2" name="DemoautTest" tests="2" failures="2" timestamp="22 Mar 2019 17:53:56 GMT" time="0.358" errors="0">
  <testcase name="@AfterClass closeBrowser" time="0.001" classname="project.test.BaseTest">
    <failure type="java.lang.NullPointerException">
      <![CDATA[java.lang.NullPointerException
at project.test.BaseTest.closeBrowser(BaseTest.java:48)
... Removed 26 stack frames]]>
    </failure>
  </testcase> <!-- @AfterClass closeBrowser -->
  <testcase name="@AfterClass closeBrowser" time="0.0" classname="project.test.BaseTest">
    <failure type="java.lang.NullPointerException">
      <![CDATA[java.lang.NullPointerException
at project.test.BaseTest.closeBrowser(BaseTest.java:48)
... Removed 26 stack frames]]>
    </failure>
  </testcase> <!-- @AfterClass closeBrowser -->
  <testcase name="testFlightBookings" time="0.046" classname="project.test.ValidateFlightBookingsTest">
    <failure type="java.lang.NullPointerException">
      <![CDATA[java.lang.NullPointerException
at org.openqa.selenium.support.pagefactory.DefaultElementLocator.findElement(DefaultElementLocator.java:69)
at org.openqa.selenium.support.pagefactory.internal.LocatingElementHandler.invoke(LocatingElementHandler.java:38)
at com.sun.proxy.$Proxy10.click(Unknown Source)
at project.pages.FlightFinderPage.selectOneWayFlightAndCOntinue(FlightFinderPage.java:97)
at project.test.ValidateFlightBookingsTest.testFlightBookings(ValidateFlightBookingsTest.java:20)
... Removed 25 stack frames]]>
    </failure>
  </testcase> <!-- testFlightBookings -->
  <testcase name="validateCredentialsTest" time="0.002" classname="project.test.ValidateUserTest">
    <failure type="java.lang.NullPointerException">
      <![CDATA[java.lang.NullPointerException
at project.pages.WelcomePage.validateLogin(WelcomePage.java:58)
at project.test.ValidateUserTest.validateCredentialsTest(ValidateUserTest.java:23)
... Removed 25 stack frames]]>
    </failure>
  </testcase> <!-- validateCredentialsTest -->
  <testcase name="@AfterSuite tearDown" time="0.0" classname="project.test.BaseTest">
    <ignored/>
  </testcase> <!-- @AfterSuite tearDown -->
  <testcase name="@AfterSuite tearDown" time="0.0" classname="project.test.BaseTest">
    <ignored/>
  </testcase> <!-- @AfterSuite tearDown -->
</testsuite> <!-- DemoautTest -->
