<?xml version="1.0" encoding="UTF-8"?>
<!-- Generated by org.testng.reporters.JUnitXMLReporter -->
<testsuite hostname="A2MD24805M.local" name="Test" tests="43" failures="6" timestamp="31 Jan 2018 14:15:38 GMT" time="14319.537" errors="0">
  <testcase name="NMA_907_VerifyTheTripDetailsPickUpScreenForAssignedOrCancelledOrCompletedTrips" time="243.675" classname="test_definition.TripList_TripDetails"/>
  <testcase name="NMA_908_VerifyTheTripDetailsPagePickUpInfoScreenDetails" time="212.889" classname="test_definition.TripList_TripDetails"/>
  <testcase name="NMA_909_VerifyTheBackButtonFunctionalityInTripDetailsPickUpInfoScreenForAssignedOrCancelledOrCompletedTrips" time="246.517" classname="test_definition.TripList_TripDetails"/>
  <testcase name="NMA_911_VerifyTheNavigationHeaderButtonToBrowseAllTripsScreenDetails" time="229.137" classname="test_definition.TripList_TripDetails"/>
  <testcase name="NMA_945_VerifyThePickUpInfoScreenTripsDetails" time="249.917" classname="test_definition.TripList_TripDetails"/>
  <testcase name="NMA_959_VerifyTheTripDetailsInfoForAssignedTrips" time="217.872" classname="test_definition.TripList_TripDetails"/>
  <testcase name="NMA_961_VerifyTheTripDetailsInfoForAssignedTrips" time="305.721" classname="test_definition.TripList_TripDetails">
    <failure type="org.openqa.selenium.WebDriverException" message="org.openqa.selenium.WebDriverException: An unknown server-side error occurred while processing the command. Original error: Application is not running, possibly crashed (WARNING: The server did not provide any stacktrace information)
Command duration or timeout: 0 milliseconds
Build info: version: &amp;apos;3.8.0&amp;apos;, revision: &amp;apos;924c4067df&amp;apos;, time: &amp;apos;2017-11-30T11:20:39.408Z&amp;apos;
System info: host: &amp;apos;A2MD24805M.local&amp;apos;, ip: &amp;apos;169.254.11.140&amp;apos;, os.name: &amp;apos;Mac OS X&amp;apos;, os.arch: &amp;apos;x86_64&amp;apos;, os.version: &amp;apos;10.13.1&amp;apos;, java.version: &amp;apos;1.8.0_152&amp;apos;
Driver info: io.appium.java_client.ios.IOSDriver
Capabilities {agentPath: /Applications/Appium.app/Co..., app: /Volumes/Data/ipa/Navigator..., automationName: XCUITest, bootstrapPath: /Applications/Appium.app/Co..., browserName: , bundleId: com.zoll.navigatorapp, databaseEnabled: false, deviceName: iPad, javascriptEnabled: true, locationContextEnabled: false, networkConnectionEnabled: false, noReset: true, platform: MAC, platformName: MAC, platformVersion: 10.3.3, takesScreenshot: true, udid: 452d395611353fc2de926484e99..., useNewWDA: false, webStorageEnabled: false, xcodeOrgId: JMJ682N8VQ, xcodeSigningId: iPhone Developer}
Session ID: 142973ed-b693-4c76-91ad-9caf2dbd572c">
      <![CDATA[org.openqa.selenium.WebDriverException: org.openqa.selenium.WebDriverException: An unknown server-side error occurred while processing the command. Original error: Application is not running, possibly crashed (WARNING: The server did not provide any stacktrace information)
Command duration or timeout: 0 milliseconds
Build info: version: '3.8.0', revision: '924c4067df', time: '2017-11-30T11:20:39.408Z'
System info: host: 'A2MD24805M.local', ip: '169.254.11.140', os.name: 'Mac OS X', os.arch: 'x86_64', os.version: '10.13.1', java.version: '1.8.0_152'
Driver info: io.appium.java_client.ios.IOSDriver
Capabilities {agentPath: /Applications/Appium.app/Co..., app: /Volumes/Data/ipa/Navigator..., automationName: XCUITest, bootstrapPath: /Applications/Appium.app/Co..., browserName: , bundleId: com.zoll.navigatorapp, databaseEnabled: false, deviceName: iPad, javascriptEnabled: true, locationContextEnabled: false, networkConnectionEnabled: false, noReset: true, platform: MAC, platformName: MAC, platformVersion: 10.3.3, takesScreenshot: true, udid: 452d395611353fc2de926484e99..., useNewWDA: false, webStorageEnabled: false, xcodeOrgId: JMJ682N8VQ, xcodeSigningId: iPhone Developer}
Session ID: 142973ed-b693-4c76-91ad-9caf2dbd572c
	at io.appium.java_client.pagefactory.AppiumElementLocator$WaitingFunction.apply(AppiumElementLocator.java:170)
	at io.appium.java_client.pagefactory.AppiumElementLocator$WaitingFunction.apply(AppiumElementLocator.java:1)
	at org.openqa.selenium.support.ui.FluentWait.until(FluentWait.java:208)
	at io.appium.java_client.pagefactory.AppiumElementLocator.waitFor(AppiumElementLocator.java:76)
	at io.appium.java_client.pagefactory.AppiumElementLocator.findElement(AppiumElementLocator.java:95)
	at io.appium.java_client.pagefactory.interceptors.InterceptorOfASingleElement.intercept(InterceptorOfASingleElement.java:61)
	at io.appium.java_client.ios.IOSElement$$EnhancerByCGLIB$$d311658.getText(<generated>)
	at business_Logic.TripListPage_Common.verifyTheTransportInformationNameAgeGenderweightANdNoteInTripInfoTripDetailsPage(TripListPage_Common.java:1299)
	at test_definition.TripList_TripDetails.NMA_961_VerifyTheTripDetailsInfoForAssignedTrips(TripList_TripDetails.java:176)
Caused by: org.openqa.selenium.WebDriverException: An unknown server-side error occurred while processing the command. Original error: Application is not running, possibly crashed (WARNING: The server did not provide any stacktrace information)
Command duration or timeout: 0 milliseconds
Build info: version: '3.8.0', revision: '924c4067df', time: '2017-11-30T11:20:39.408Z'
System info: host: 'A2MD24805M.local', ip: '169.254.11.140', os.name: 'Mac OS X', os.arch: 'x86_64', os.version: '10.13.1', java.version: '1.8.0_152'
Driver info: io.appium.java_client.ios.IOSDriver
Capabilities {agentPath: /Applications/Appium.app/Co..., app: /Volumes/Data/ipa/Navigator..., automationName: XCUITest, bootstrapPath: /Applications/Appium.app/Co..., browserName: , bundleId: com.zoll.navigatorapp, databaseEnabled: false, deviceName: iPad, javascriptEnabled: true, locationContextEnabled: false, networkConnectionEnabled: false, noReset: true, platform: MAC, platformName: MAC, platformVersion: 10.3.3, takesScreenshot: true, udid: 452d395611353fc2de926484e99..., useNewWDA: false, webStorageEnabled: false, xcodeOrgId: JMJ682N8VQ, xcodeSigningId: iPhone Developer}
Session ID: 142973ed-b693-4c76-91ad-9caf2dbd572c
	at org.openqa.selenium.remote.ErrorHandler.createThrowable(ErrorHandler.java:214)
	at org.openqa.selenium.remote.ErrorHandler.throwIfResponseFailed(ErrorHandler.java:166)
	at org.openqa.selenium.remote.http.JsonHttpResponseCodec.reconstructValue(JsonHttpResponseCodec.java:40)
	at org.openqa.selenium.remote.http.AbstractHttpResponseCodec.decode(AbstractHttpResponseCodec.java:80)
	at org.openqa.selenium.remote.http.AbstractHttpResponseCodec.decode(AbstractHttpResponseCodec.java:44)
	at org.openqa.selenium.remote.HttpCommandExecutor.execute(HttpCommandExecutor.java:164)
	at io.appium.java_client.remote.AppiumCommandExecutor.execute(AppiumCommandExecutor.java:89)
	at org.openqa.selenium.remote.RemoteWebDriver.execute(RemoteWebDriver.java:601)
	at io.appium.java_client.DefaultGenericMobileDriver.execute(DefaultGenericMobileDriver.java:46)
	at io.appium.java_client.AppiumDriver.execute(AppiumDriver.java:1)
	at io.appium.java_client.ios.IOSDriver.execute(IOSDriver.java:1)
	at io.appium.java_client.HasSessionDetails.getSessionDetails(HasSessionDetails.java:38)
	at io.appium.java_client.HasSessionDetails.getSessionDetail(HasSessionDetails.java:55)
	at io.appium.java_client.HasSessionDetails.isBrowser(HasSessionDetails.java:79)
	at io.appium.java_client.AppiumDriver.isBrowser(AppiumDriver.java:268)
	at io.appium.java_client.pagefactory.utils.WebDriverUnpackUtility.lambda$0(WebDriverUnpackUtility.java:96)
	at java.util.Optional.map(Optional.java:215)
	at io.appium.java_client.pagefactory.utils.WebDriverUnpackUtility.getCurrentContentType(WebDriverUnpackUtility.java:92)
	at io.appium.java_client.pagefactory.bys.ContentMappedBy.findElement(ContentMappedBy.java:36)
	at org.openqa.selenium.remote.RemoteWebDriver.findElement(RemoteWebDriver.java:363)
	at io.appium.java_client.DefaultGenericMobileDriver.findElement(DefaultGenericMobileDriver.java:58)
	at io.appium.java_client.AppiumDriver.findElement(AppiumDriver.java:1)
	at io.appium.java_client.ios.IOSDriver.findElement(IOSDriver.java:1)
	at io.appium.java_client.pagefactory.AppiumElementLocator.lambda$0(AppiumElementLocator.java:96)
	at io.appium.java_client.pagefactory.AppiumElementLocator$WaitingFunction.apply(AppiumElementLocator.java:150)
	... 32 more
... Removed 28 stack frames]]>
    </failure>
  </testcase> <!-- NMA_961_VerifyTheTripDetailsInfoForAssignedTrips -->
  <testcase name="NMA_989_VerifyTheDropOffScreenTripsDetails" time="262.061" classname="test_definition.TripList_TripDetails">
    <failure type="java.lang.AssertionError" message="drop - Off number is not displayed expected [true] but found [false]">
      <![CDATA[java.lang.AssertionError: drop - Off number is not displayed expected [true] but found [false]
	at business_Logic.TripListPage_Common.verifyTheDropOfFdetailsForAssignedOrCancelledOrCompletedInTripDetails(TripListPage_Common.java:1115)
	at test_definition.TripList_TripDetails.NMA_989_VerifyTheDropOffScreenTripsDetails(TripList_TripDetails.java:272)
... Removed 27 stack frames]]>
    </failure>
  </testcase> <!-- NMA_989_VerifyTheDropOffScreenTripsDetails -->
  <testcase name="VerifyButtonStatusInTripListPage" time="174.46" classname="test_definition.TripList_TripDetails"/>
  <testcase name="VerifyNoCrashInApplicationIfWeKeepOnNavigatingToTripDetailsScreen" time="217.382" classname="test_definition.TripList_TripDetails">
    <failure type="org.openqa.selenium.WebDriverException" message="org.openqa.selenium.WebDriverException: An unknown server-side error occurred while processing the command. Original error: Application is not running, possibly crashed (WARNING: The server did not provide any stacktrace information)
Command duration or timeout: 0 milliseconds
Build info: version: &amp;apos;3.8.0&amp;apos;, revision: &amp;apos;924c4067df&amp;apos;, time: &amp;apos;2017-11-30T11:20:39.408Z&amp;apos;
System info: host: &amp;apos;A2MD24805M.local&amp;apos;, ip: &amp;apos;169.254.11.140&amp;apos;, os.name: &amp;apos;Mac OS X&amp;apos;, os.arch: &amp;apos;x86_64&amp;apos;, os.version: &amp;apos;10.13.1&amp;apos;, java.version: &amp;apos;1.8.0_152&amp;apos;
Driver info: io.appium.java_client.ios.IOSDriver
Capabilities {agentPath: /Applications/Appium.app/Co..., app: /Volumes/Data/ipa/Navigator..., automationName: XCUITest, bootstrapPath: /Applications/Appium.app/Co..., browserName: , bundleId: com.zoll.navigatorapp, databaseEnabled: false, deviceName: iPad, javascriptEnabled: true, locationContextEnabled: false, networkConnectionEnabled: false, noReset: true, platform: MAC, platformName: MAC, platformVersion: 10.3.3, takesScreenshot: true, udid: 452d395611353fc2de926484e99..., useNewWDA: false, webStorageEnabled: false, xcodeOrgId: JMJ682N8VQ, xcodeSigningId: iPhone Developer}
Session ID: b27df9c7-5e10-401c-8d7f-35a6c6211797">
      <![CDATA[org.openqa.selenium.WebDriverException: org.openqa.selenium.WebDriverException: An unknown server-side error occurred while processing the command. Original error: Application is not running, possibly crashed (WARNING: The server did not provide any stacktrace information)
Command duration or timeout: 0 milliseconds
Build info: version: '3.8.0', revision: '924c4067df', time: '2017-11-30T11:20:39.408Z'
System info: host: 'A2MD24805M.local', ip: '169.254.11.140', os.name: 'Mac OS X', os.arch: 'x86_64', os.version: '10.13.1', java.version: '1.8.0_152'
Driver info: io.appium.java_client.ios.IOSDriver
Capabilities {agentPath: /Applications/Appium.app/Co..., app: /Volumes/Data/ipa/Navigator..., automationName: XCUITest, bootstrapPath: /Applications/Appium.app/Co..., browserName: , bundleId: com.zoll.navigatorapp, databaseEnabled: false, deviceName: iPad, javascriptEnabled: true, locationContextEnabled: false, networkConnectionEnabled: false, noReset: true, platform: MAC, platformName: MAC, platformVersion: 10.3.3, takesScreenshot: true, udid: 452d395611353fc2de926484e99..., useNewWDA: false, webStorageEnabled: false, xcodeOrgId: JMJ682N8VQ, xcodeSigningId: iPhone Developer}
Session ID: b27df9c7-5e10-401c-8d7f-35a6c6211797
	at io.appium.java_client.pagefactory.AppiumElementLocator$WaitingFunction.apply(AppiumElementLocator.java:170)
	at io.appium.java_client.pagefactory.AppiumElementLocator$WaitingFunction.apply(AppiumElementLocator.java:1)
	at org.openqa.selenium.support.ui.FluentWait.until(FluentWait.java:208)
	at io.appium.java_client.pagefactory.AppiumElementLocator.waitFor(AppiumElementLocator.java:76)
	at io.appium.java_client.pagefactory.AppiumElementLocator.findElement(AppiumElementLocator.java:95)
	at io.appium.java_client.pagefactory.interceptors.InterceptorOfASingleElement.intercept(InterceptorOfASingleElement.java:61)
	at io.appium.java_client.ios.IOSElement$$EnhancerByCGLIB$$d311658.click(<generated>)
	at utilities.ActionUtility.click(ActionUtility.java:72)
	at business_Logic.TripListPage_Common.clickOnBackButtonInTripDetailsPage(TripListPage_Common.java:1209)
	at test_definition.TripList_TripDetails.VerifyNoCrashInApplicationIfWeKeepOnNavigatingToTripDetailsScreen(TripList_TripDetails.java:294)
Caused by: org.openqa.selenium.WebDriverException: An unknown server-side error occurred while processing the command. Original error: Application is not running, possibly crashed (WARNING: The server did not provide any stacktrace information)
Command duration or timeout: 0 milliseconds
Build info: version: '3.8.0', revision: '924c4067df', time: '2017-11-30T11:20:39.408Z'
System info: host: 'A2MD24805M.local', ip: '169.254.11.140', os.name: 'Mac OS X', os.arch: 'x86_64', os.version: '10.13.1', java.version: '1.8.0_152'
Driver info: io.appium.java_client.ios.IOSDriver
Capabilities {agentPath: /Applications/Appium.app/Co..., app: /Volumes/Data/ipa/Navigator..., automationName: XCUITest, bootstrapPath: /Applications/Appium.app/Co..., browserName: , bundleId: com.zoll.navigatorapp, databaseEnabled: false, deviceName: iPad, javascriptEnabled: true, locationContextEnabled: false, networkConnectionEnabled: false, noReset: true, platform: MAC, platformName: MAC, platformVersion: 10.3.3, takesScreenshot: true, udid: 452d395611353fc2de926484e99..., useNewWDA: false, webStorageEnabled: false, xcodeOrgId: JMJ682N8VQ, xcodeSigningId: iPhone Developer}
Session ID: b27df9c7-5e10-401c-8d7f-35a6c6211797
	at org.openqa.selenium.remote.ErrorHandler.createThrowable(ErrorHandler.java:214)
	at org.openqa.selenium.remote.ErrorHandler.throwIfResponseFailed(ErrorHandler.java:166)
	at org.openqa.selenium.remote.http.JsonHttpResponseCodec.reconstructValue(JsonHttpResponseCodec.java:40)
	at org.openqa.selenium.remote.http.AbstractHttpResponseCodec.decode(AbstractHttpResponseCodec.java:80)
	at org.openqa.selenium.remote.http.AbstractHttpResponseCodec.decode(AbstractHttpResponseCodec.java:44)
	at org.openqa.selenium.remote.HttpCommandExecutor.execute(HttpCommandExecutor.java:164)
	at io.appium.java_client.remote.AppiumCommandExecutor.execute(AppiumCommandExecutor.java:89)
	at org.openqa.selenium.remote.RemoteWebDriver.execute(RemoteWebDriver.java:601)
	at io.appium.java_client.DefaultGenericMobileDriver.execute(DefaultGenericMobileDriver.java:46)
	at io.appium.java_client.AppiumDriver.execute(AppiumDriver.java:1)
	at io.appium.java_client.ios.IOSDriver.execute(IOSDriver.java:1)
	at io.appium.java_client.HasSessionDetails.getSessionDetails(HasSessionDetails.java:38)
	at io.appium.java_client.HasSessionDetails.getSessionDetail(HasSessionDetails.java:55)
	at io.appium.java_client.HasSessionDetails.getPlatformName(HasSessionDetails.java:62)
	at io.appium.java_client.DefaultGenericMobileDriver.toString(DefaultGenericMobileDriver.java:156)
	at io.appium.java_client.AppiumDriver.toString(AppiumDriver.java:1)
	at io.appium.java_client.ios.IOSDriver.toString(IOSDriver.java:1)
	at java.util.Formatter$FormatSpecifier.printString(Formatter.java:2886)
	at java.util.Formatter$FormatSpecifier.print(Formatter.java:2763)
	at java.util.Formatter.format(Formatter.java:2520)
	at java.util.Formatter.format(Formatter.java:2455)
	at java.lang.String.format(String.java:2940)
	at org.openqa.selenium.remote.RemoteWebElement.setFoundBy(RemoteWebElement.java:63)
	at org.openqa.selenium.remote.RemoteWebDriver.setFoundBy(RemoteWebDriver.java:387)
	at org.openqa.selenium.remote.RemoteWebDriver.findElement(RemoteWebDriver.java:380)
	at io.appium.java_client.DefaultGenericMobileDriver.findElement(DefaultGenericMobileDriver.java:62)
	at io.appium.java_client.AppiumDriver.findElement(AppiumDriver.java:1)
	at io.appium.java_client.ios.IOSDriver.findElement(IOSDriver.java:1)
	at org.openqa.selenium.remote.RemoteWebDriver.findElementById(RemoteWebDriver.java:417)
	at io.appium.java_client.DefaultGenericMobileDriver.findElementById(DefaultGenericMobileDriver.java:70)
	at io.appium.java_client.AppiumDriver.findElementById(AppiumDriver.java:1)
	at io.appium.java_client.ios.IOSDriver.findElementById(IOSDriver.java:1)
	at org.openqa.selenium.By$ById.findElement(By.java:218)
	at org.openqa.selenium.remote.RemoteWebDriver.findElement(RemoteWebDriver.java:363)
	at io.appium.java_client.DefaultGenericMobileDriver.findElement(DefaultGenericMobileDriver.java:58)
	at io.appium.java_client.AppiumDriver.findElement(AppiumDriver.java:1)
	at io.appium.java_client.ios.IOSDriver.findElement(IOSDriver.java:1)
	at io.appium.java_client.pagefactory.bys.ContentMappedBy.findElement(ContentMappedBy.java:36)
	at org.openqa.selenium.remote.RemoteWebDriver.findElement(RemoteWebDriver.java:363)
	at io.appium.java_client.DefaultGenericMobileDriver.findElement(DefaultGenericMobileDriver.java:58)
	at io.appium.java_client.AppiumDriver.findElement(AppiumDriver.java:1)
	at io.appium.java_client.ios.IOSDriver.findElement(IOSDriver.java:1)
	at io.appium.java_client.pagefactory.AppiumElementLocator.lambda$0(AppiumElementLocator.java:96)
	at io.appium.java_client.pagefactory.AppiumElementLocator$WaitingFunction.apply(AppiumElementLocator.java:150)
	... 33 more
... Removed 28 stack frames]]>
    </failure>
  </testcase> <!-- VerifyNoCrashInApplicationIfWeKeepOnNavigatingToTripDetailsScreen -->
  <testcase name="VerifyTheCompletedTripsInTripDetailsScreen" time="199.971" classname="test_definition.TripList_TripDetails"/>
  <testcase name="VerifyTheSubMenusInHamburgerMenuMobileView" time="225.813" classname="test_definition.TripList_TripDetails"/>
  <testcase name="VerifyTheTripHeaderStatusWithTripInformationInTripDetailsPage" time="351.824" classname="test_definition.TripList_TripDetails">
    <failure type="org.openqa.selenium.NoSuchElementException" message="Can&amp;apos;t locate an element by this strategy: By.id: lbl_Company">
      <![CDATA[org.openqa.selenium.NoSuchElementException: Can't locate an element by this strategy: By.id: lbl_Company
	at io.appium.java_client.pagefactory.AppiumElementLocator.findElement(AppiumElementLocator.java:102)
	at io.appium.java_client.pagefactory.interceptors.InterceptorOfASingleElement.intercept(InterceptorOfASingleElement.java:61)
	at io.appium.java_client.ios.IOSElement$$EnhancerByCGLIB$$d311658.isDisplayed(<generated>)
	at business_Logic.TripListPage_Common.verifyTheTransportInformationNameAgeGenderweightANdNoteInTripInfoTripDetailsPage(TripListPage_Common.java:1348)
	at test_definition.TripList_TripDetails.VerifyTheTripHeaderStatusWithTripInformationInTripDetailsPage(TripList_TripDetails.java:332)
Caused by: org.openqa.selenium.TimeoutException: Expected condition failed: waiting for io.appium.java_client.pagefactory.AppiumElementLocator$WaitingFunction@165b8a71 (tried for 15 second(s) with 500 MILLISECONDS interval)
	at org.openqa.selenium.support.ui.FluentWait.timeoutException(FluentWait.java:263)
	at org.openqa.selenium.support.ui.FluentWait.until(FluentWait.java:231)
	at io.appium.java_client.pagefactory.AppiumElementLocator.waitFor(AppiumElementLocator.java:76)
	at io.appium.java_client.pagefactory.AppiumElementLocator.findElement(AppiumElementLocator.java:95)
	... 28 more
Caused by: org.openqa.selenium.NoSuchElementException: An element could not be located on the page using the given search parameters. (WARNING: The server did not provide any stacktrace information)
Command duration or timeout: 0 milliseconds
For documentation on this error, please visit: http://seleniumhq.org/exceptions/no_such_element.html
Build info: version: '3.8.0', revision: '924c4067df', time: '2017-11-30T11:20:39.408Z'
System info: host: 'A2MD24805M.local', ip: '169.254.11.140', os.name: 'Mac OS X', os.arch: 'x86_64', os.version: '10.13.1', java.version: '1.8.0_152'
Driver info: io.appium.java_client.ios.IOSDriver
Capabilities {agentPath: /Applications/Appium.app/Co..., app: /Volumes/Data/ipa/Navigator..., automationName: XCUITest, bootstrapPath: /Applications/Appium.app/Co..., browserName: , bundleId: com.zoll.navigatorapp, databaseEnabled: false, deviceName: iPad, javascriptEnabled: true, locationContextEnabled: false, networkConnectionEnabled: false, noReset: true, platform: MAC, platformName: MAC, platformVersion: 10.3.3, takesScreenshot: true, udid: 452d395611353fc2de926484e99..., useNewWDA: false, webStorageEnabled: false, xcodeOrgId: JMJ682N8VQ, xcodeSigningId: iPhone Developer}
Session ID: 63372e5b-bae8-4826-b639-a837aeaf0c0d
*** Element info: {Using=id, value=lbl_Company}
	at org.openqa.selenium.remote.ErrorHandler.createThrowable(ErrorHandler.java:214)
	at org.openqa.selenium.remote.ErrorHandler.throwIfResponseFailed(ErrorHandler.java:166)
	at org.openqa.selenium.remote.http.JsonHttpResponseCodec.reconstructValue(JsonHttpResponseCodec.java:40)
	at org.openqa.selenium.remote.http.AbstractHttpResponseCodec.decode(AbstractHttpResponseCodec.java:80)
	at org.openqa.selenium.remote.http.AbstractHttpResponseCodec.decode(AbstractHttpResponseCodec.java:44)
	at org.openqa.selenium.remote.HttpCommandExecutor.execute(HttpCommandExecutor.java:164)
	at io.appium.java_client.remote.AppiumCommandExecutor.execute(AppiumCommandExecutor.java:89)
	at org.openqa.selenium.remote.RemoteWebDriver.execute(RemoteWebDriver.java:601)
	at io.appium.java_client.DefaultGenericMobileDriver.execute(DefaultGenericMobileDriver.java:42)
	at io.appium.java_client.AppiumDriver.execute(AppiumDriver.java:1)
	at io.appium.java_client.ios.IOSDriver.execute(IOSDriver.java:1)
	at org.openqa.selenium.remote.RemoteWebDriver.findElement(RemoteWebDriver.java:371)
	at io.appium.java_client.DefaultGenericMobileDriver.findElement(DefaultGenericMobileDriver.java:62)
	at io.appium.java_client.AppiumDriver.findElement(AppiumDriver.java:1)
	at io.appium.java_client.ios.IOSDriver.findElement(IOSDriver.java:1)
	at org.openqa.selenium.remote.RemoteWebDriver.findElementById(RemoteWebDriver.java:417)
	at io.appium.java_client.DefaultGenericMobileDriver.findElementById(DefaultGenericMobileDriver.java:70)
	at io.appium.java_client.AppiumDriver.findElementById(AppiumDriver.java:1)
	at io.appium.java_client.ios.IOSDriver.findElementById(IOSDriver.java:1)
	at org.openqa.selenium.By$ById.findElement(By.java:218)
	at org.openqa.selenium.remote.RemoteWebDriver.findElement(RemoteWebDriver.java:363)
	at io.appium.java_client.DefaultGenericMobileDriver.findElement(DefaultGenericMobileDriver.java:58)
	at io.appium.java_client.AppiumDriver.findElement(AppiumDriver.java:1)
	at io.appium.java_client.ios.IOSDriver.findElement(IOSDriver.java:1)
	at io.appium.java_client.pagefactory.bys.ContentMappedBy.findElement(ContentMappedBy.java:36)
	at org.openqa.selenium.remote.RemoteWebDriver.findElement(RemoteWebDriver.java:363)
	at io.appium.java_client.DefaultGenericMobileDriver.findElement(DefaultGenericMobileDriver.java:58)
	at io.appium.java_client.AppiumDriver.findElement(AppiumDriver.java:1)
	at io.appium.java_client.ios.IOSDriver.findElement(IOSDriver.java:1)
	at io.appium.java_client.pagefactory.AppiumElementLocator.lambda$0(AppiumElementLocator.java:96)
	at io.appium.java_client.pagefactory.AppiumElementLocator$WaitingFunction.apply(AppiumElementLocator.java:150)
	at io.appium.java_client.pagefactory.AppiumElementLocator$WaitingFunction.apply(AppiumElementLocator.java:1)
	at org.openqa.selenium.support.ui.FluentWait.until(FluentWait.java:208)
	... 30 more
... Removed 28 stack frames]]>
    </failure>
  </testcase> <!-- VerifyTheTripHeaderStatusWithTripInformationInTripDetailsPage -->
  <testcase name="NMA_202_414_VerifyTheZollRespondSpinnerIsDsiplayedWhenTripListIsSelected" time="176.385" classname="test_definition.TripList"/>
  <testcase name="NMA_203_VerifyTheTimeStampInTripListPage" time="154.73" classname="test_definition.TripList"/>
  <testcase name="NMA_213_VerifyTripListHeadersinTripPage" time="140.128" classname="test_definition.TripList"/>
  <testcase name="NMA_215_VerifyTripListMenuTab" time="173.037" classname="test_definition.TripList"/>
  <testcase name="NMA_216_662_VerifyTheTripListItemFormat" time="175.357" classname="test_definition.TripList"/>
  <testcase name="NMA_225_VerifyTheCoverageOfTapinRespondScreen" time="164.299" classname="test_definition.TripList"/>
  <testcase name="NMA_367_VerifyUIElementsInActiveTrip" time="378.091" classname="test_definition.TripList"/>
  <testcase name="NMA_368_VerifyPickUpScreeninActiveTrip" time="270.825" classname="test_definition.TripList">
    <failure type="org.openqa.selenium.TimeoutException" message="Expected condition failed: waiting for element to be clickable: Located by By.id:  (tried for 15 second(s) with 500 MILLISECONDS interval)">
      <![CDATA[org.openqa.selenium.TimeoutException: Expected condition failed: waiting for element to be clickable: Located by By.id:  (tried for 15 second(s) with 500 MILLISECONDS interval)
	at org.openqa.selenium.support.ui.WebDriverWait.timeoutException(WebDriverWait.java:82)
	at org.openqa.selenium.support.ui.FluentWait.until(FluentWait.java:231)
	at utilities.ActionUtility.waitForElementClickable(ActionUtility.java:395)
	at utilities.ActionUtility.click(ActionUtility.java:71)
	at business_Logic.TripListPage_Common.clickOnMyLocationIconInGoogleMap(TripListPage_Common.java:624)
	at test_definition.TripList.NMA_368_VerifyPickUpScreeninActiveTrip(TripList.java:232)
Caused by: org.openqa.selenium.NoSuchElementException: Can't locate an element by this strategy: By.id: 
	at io.appium.java_client.pagefactory.AppiumElementLocator.findElement(AppiumElementLocator.java:102)
	at io.appium.java_client.pagefactory.interceptors.InterceptorOfASingleElement.intercept(InterceptorOfASingleElement.java:61)
	at io.appium.java_client.ios.IOSElement$$EnhancerByCGLIB$$d311658.isDisplayed(<generated>)
	at org.openqa.selenium.support.ui.ExpectedConditions.elementIfVisible(ExpectedConditions.java:301)
	at org.openqa.selenium.support.ui.ExpectedConditions.access$100(ExpectedConditions.java:43)
	at org.openqa.selenium.support.ui.ExpectedConditions$10.apply(ExpectedConditions.java:287)
	at org.openqa.selenium.support.ui.ExpectedConditions$10.apply(ExpectedConditions.java:284)
	at org.openqa.selenium.support.ui.ExpectedConditions$23.apply(ExpectedConditions.java:672)
	at org.openqa.selenium.support.ui.ExpectedConditions$23.apply(ExpectedConditions.java:668)
	at org.openqa.selenium.support.ui.FluentWait.until(FluentWait.java:208)
	... 28 more
Caused by: org.openqa.selenium.TimeoutException: Expected condition failed: waiting for io.appium.java_client.pagefactory.AppiumElementLocator$WaitingFunction@3c9168dc (tried for 15 second(s) with 500 MILLISECONDS interval)
	at org.openqa.selenium.support.ui.FluentWait.timeoutException(FluentWait.java:263)
	at org.openqa.selenium.support.ui.FluentWait.until(FluentWait.java:231)
	at io.appium.java_client.pagefactory.AppiumElementLocator.waitFor(AppiumElementLocator.java:76)
	at io.appium.java_client.pagefactory.AppiumElementLocator.findElement(AppiumElementLocator.java:95)
	... 37 more
Caused by: org.openqa.selenium.NoSuchElementException: An element could not be located on the page using the given search parameters. (WARNING: The server did not provide any stacktrace information)
Command duration or timeout: 0 milliseconds
For documentation on this error, please visit: http://seleniumhq.org/exceptions/no_such_element.html
Build info: version: '3.8.0', revision: '924c4067df', time: '2017-11-30T11:20:39.408Z'
System info: host: 'A2MD24805M.local', ip: '169.254.11.140', os.name: 'Mac OS X', os.arch: 'x86_64', os.version: '10.13.1', java.version: '1.8.0_152'
Driver info: io.appium.java_client.ios.IOSDriver
Capabilities {agentPath: /Applications/Appium.app/Co..., app: /Volumes/Data/ipa/Navigator..., automationName: XCUITest, bootstrapPath: /Applications/Appium.app/Co..., browserName: , bundleId: com.zoll.navigatorapp, databaseEnabled: false, deviceName: iPad, javascriptEnabled: true, locationContextEnabled: false, networkConnectionEnabled: false, noReset: true, platform: MAC, platformName: MAC, platformVersion: 10.3.3, takesScreenshot: true, udid: 452d395611353fc2de926484e99..., useNewWDA: false, webStorageEnabled: false, xcodeOrgId: JMJ682N8VQ, xcodeSigningId: iPhone Developer}
Session ID: c56ae9e2-febc-43a8-aff5-718ae77251d4
*** Element info: {Using=id, value=}
	at org.openqa.selenium.remote.ErrorHandler.createThrowable(ErrorHandler.java:214)
	at org.openqa.selenium.remote.ErrorHandler.throwIfResponseFailed(ErrorHandler.java:166)
	at org.openqa.selenium.remote.http.JsonHttpResponseCodec.reconstructValue(JsonHttpResponseCodec.java:40)
	at org.openqa.selenium.remote.http.AbstractHttpResponseCodec.decode(AbstractHttpResponseCodec.java:80)
	at org.openqa.selenium.remote.http.AbstractHttpResponseCodec.decode(AbstractHttpResponseCodec.java:44)
	at org.openqa.selenium.remote.HttpCommandExecutor.execute(HttpCommandExecutor.java:164)
	at io.appium.java_client.remote.AppiumCommandExecutor.execute(AppiumCommandExecutor.java:89)
	at org.openqa.selenium.remote.RemoteWebDriver.execute(RemoteWebDriver.java:601)
	at io.appium.java_client.DefaultGenericMobileDriver.execute(DefaultGenericMobileDriver.java:42)
	at io.appium.java_client.AppiumDriver.execute(AppiumDriver.java:1)
	at io.appium.java_client.ios.IOSDriver.execute(IOSDriver.java:1)
	at org.openqa.selenium.remote.RemoteWebDriver.findElement(RemoteWebDriver.java:371)
	at io.appium.java_client.DefaultGenericMobileDriver.findElement(DefaultGenericMobileDriver.java:62)
	at io.appium.java_client.AppiumDriver.findElement(AppiumDriver.java:1)
	at io.appium.java_client.ios.IOSDriver.findElement(IOSDriver.java:1)
	at org.openqa.selenium.remote.RemoteWebDriver.findElementById(RemoteWebDriver.java:417)
	at io.appium.java_client.DefaultGenericMobileDriver.findElementById(DefaultGenericMobileDriver.java:70)
	at io.appium.java_client.AppiumDriver.findElementById(AppiumDriver.java:1)
	at io.appium.java_client.ios.IOSDriver.findElementById(IOSDriver.java:1)
	at org.openqa.selenium.By$ById.findElement(By.java:218)
	at org.openqa.selenium.remote.RemoteWebDriver.findElement(RemoteWebDriver.java:363)
	at io.appium.java_client.DefaultGenericMobileDriver.findElement(DefaultGenericMobileDriver.java:58)
	at io.appium.java_client.AppiumDriver.findElement(AppiumDriver.java:1)
	at io.appium.java_client.ios.IOSDriver.findElement(IOSDriver.java:1)
	at io.appium.java_client.pagefactory.bys.ContentMappedBy.findElement(ContentMappedBy.java:36)
	at org.openqa.selenium.remote.RemoteWebDriver.findElement(RemoteWebDriver.java:363)
	at io.appium.java_client.DefaultGenericMobileDriver.findElement(DefaultGenericMobileDriver.java:58)
	at io.appium.java_client.AppiumDriver.findElement(AppiumDriver.java:1)
	at io.appium.java_client.ios.IOSDriver.findElement(IOSDriver.java:1)
	at io.appium.java_client.pagefactory.AppiumElementLocator.lambda$0(AppiumElementLocator.java:96)
	at io.appium.java_client.pagefactory.AppiumElementLocator$WaitingFunction.apply(AppiumElementLocator.java:150)
	at io.appium.java_client.pagefactory.AppiumElementLocator$WaitingFunction.apply(AppiumElementLocator.java:1)
	at org.openqa.selenium.support.ui.FluentWait.until(FluentWait.java:208)
	... 39 more
... Removed 28 stack frames]]>
    </failure>
  </testcase> <!-- NMA_368_VerifyPickUpScreeninActiveTrip -->
  <testcase name="NMA_371_372_VerifyThePatientInfoAndNotesInActiveTripTripInformation" time="242.616" classname="test_definition.TripList"/>
  <testcase name="NMA_373_VerifyUIElementsInDropScreenInActiveTrip" time="285.768" classname="test_definition.TripList"/>
  <testcase name="NMA_375_VerifyActiveTripDropOffPatientInfo" time="332.208" classname="test_definition.TripList"/>
  <testcase name="NMA_667_VerifyTripViewForAssignedTripAndDetails" time="188.149" classname="test_definition.TripList"/>
  <testcase name="NMA_721_VerifyTheRespondScreenTapCoverage" time="181.982" classname="test_definition.TripList"/>
  <testcase name="NMA_727_VerifyTheRespondViewOnTappingTheTopMostTripListScreen" time="173.087" classname="test_definition.TripList"/>
  <testcase name="NMA_744_VerifyActiveTripPickUpScreenDetails" time="269.82" classname="test_definition.TripList">
    <failure type="org.openqa.selenium.TimeoutException" message="Expected condition failed: waiting for element to be clickable: Located by By.id:  (tried for 15 second(s) with 500 MILLISECONDS interval)">
      <![CDATA[org.openqa.selenium.TimeoutException: Expected condition failed: waiting for element to be clickable: Located by By.id:  (tried for 15 second(s) with 500 MILLISECONDS interval)
	at org.openqa.selenium.support.ui.WebDriverWait.timeoutException(WebDriverWait.java:82)
	at org.openqa.selenium.support.ui.FluentWait.until(FluentWait.java:231)
	at utilities.ActionUtility.waitForElementClickable(ActionUtility.java:395)
	at utilities.ActionUtility.click(ActionUtility.java:71)
	at business_Logic.TripListPage_Common.clickOnMyLocationIconInGoogleMap(TripListPage_Common.java:624)
	at test_definition.TripList.NMA_744_VerifyActiveTripPickUpScreenDetails(TripList.java:254)
Caused by: org.openqa.selenium.NoSuchElementException: Can't locate an element by this strategy: By.id: 
	at io.appium.java_client.pagefactory.AppiumElementLocator.findElement(AppiumElementLocator.java:102)
	at io.appium.java_client.pagefactory.interceptors.InterceptorOfASingleElement.intercept(InterceptorOfASingleElement.java:61)
	at io.appium.java_client.ios.IOSElement$$EnhancerByCGLIB$$d311658.isDisplayed(<generated>)
	at org.openqa.selenium.support.ui.ExpectedConditions.elementIfVisible(ExpectedConditions.java:301)
	at org.openqa.selenium.support.ui.ExpectedConditions.access$100(ExpectedConditions.java:43)
	at org.openqa.selenium.support.ui.ExpectedConditions$10.apply(ExpectedConditions.java:287)
	at org.openqa.selenium.support.ui.ExpectedConditions$10.apply(ExpectedConditions.java:284)
	at org.openqa.selenium.support.ui.ExpectedConditions$23.apply(ExpectedConditions.java:672)
	at org.openqa.selenium.support.ui.ExpectedConditions$23.apply(ExpectedConditions.java:668)
	at org.openqa.selenium.support.ui.FluentWait.until(FluentWait.java:208)
	... 28 more
Caused by: org.openqa.selenium.TimeoutException: Expected condition failed: waiting for io.appium.java_client.pagefactory.AppiumElementLocator$WaitingFunction@552518c3 (tried for 15 second(s) with 500 MILLISECONDS interval)
	at org.openqa.selenium.support.ui.FluentWait.timeoutException(FluentWait.java:263)
	at org.openqa.selenium.support.ui.FluentWait.until(FluentWait.java:231)
	at io.appium.java_client.pagefactory.AppiumElementLocator.waitFor(AppiumElementLocator.java:76)
	at io.appium.java_client.pagefactory.AppiumElementLocator.findElement(AppiumElementLocator.java:95)
	... 37 more
Caused by: org.openqa.selenium.NoSuchElementException: An element could not be located on the page using the given search parameters. (WARNING: The server did not provide any stacktrace information)
Command duration or timeout: 0 milliseconds
For documentation on this error, please visit: http://seleniumhq.org/exceptions/no_such_element.html
Build info: version: '3.8.0', revision: '924c4067df', time: '2017-11-30T11:20:39.408Z'
System info: host: 'A2MD24805M.local', ip: '169.254.11.140', os.name: 'Mac OS X', os.arch: 'x86_64', os.version: '10.13.1', java.version: '1.8.0_152'
Driver info: io.appium.java_client.ios.IOSDriver
Capabilities {agentPath: /Applications/Appium.app/Co..., app: /Volumes/Data/ipa/Navigator..., automationName: XCUITest, bootstrapPath: /Applications/Appium.app/Co..., browserName: , bundleId: com.zoll.navigatorapp, databaseEnabled: false, deviceName: iPad, javascriptEnabled: true, locationContextEnabled: false, networkConnectionEnabled: false, noReset: true, platform: MAC, platformName: MAC, platformVersion: 10.3.3, takesScreenshot: true, udid: 452d395611353fc2de926484e99..., useNewWDA: false, webStorageEnabled: false, xcodeOrgId: JMJ682N8VQ, xcodeSigningId: iPhone Developer}
Session ID: 394b997a-cfba-4113-8a65-65d60c5fe9f8
*** Element info: {Using=id, value=}
	at org.openqa.selenium.remote.ErrorHandler.createThrowable(ErrorHandler.java:214)
	at org.openqa.selenium.remote.ErrorHandler.throwIfResponseFailed(ErrorHandler.java:166)
	at org.openqa.selenium.remote.http.JsonHttpResponseCodec.reconstructValue(JsonHttpResponseCodec.java:40)
	at org.openqa.selenium.remote.http.AbstractHttpResponseCodec.decode(AbstractHttpResponseCodec.java:80)
	at org.openqa.selenium.remote.http.AbstractHttpResponseCodec.decode(AbstractHttpResponseCodec.java:44)
	at org.openqa.selenium.remote.HttpCommandExecutor.execute(HttpCommandExecutor.java:164)
	at io.appium.java_client.remote.AppiumCommandExecutor.execute(AppiumCommandExecutor.java:89)
	at org.openqa.selenium.remote.RemoteWebDriver.execute(RemoteWebDriver.java:601)
	at io.appium.java_client.DefaultGenericMobileDriver.execute(DefaultGenericMobileDriver.java:42)
	at io.appium.java_client.AppiumDriver.execute(AppiumDriver.java:1)
	at io.appium.java_client.ios.IOSDriver.execute(IOSDriver.java:1)
	at org.openqa.selenium.remote.RemoteWebDriver.findElement(RemoteWebDriver.java:371)
	at io.appium.java_client.DefaultGenericMobileDriver.findElement(DefaultGenericMobileDriver.java:62)
	at io.appium.java_client.AppiumDriver.findElement(AppiumDriver.java:1)
	at io.appium.java_client.ios.IOSDriver.findElement(IOSDriver.java:1)
	at org.openqa.selenium.remote.RemoteWebDriver.findElementById(RemoteWebDriver.java:417)
	at io.appium.java_client.DefaultGenericMobileDriver.findElementById(DefaultGenericMobileDriver.java:70)
	at io.appium.java_client.AppiumDriver.findElementById(AppiumDriver.java:1)
	at io.appium.java_client.ios.IOSDriver.findElementById(IOSDriver.java:1)
	at org.openqa.selenium.By$ById.findElement(By.java:218)
	at org.openqa.selenium.remote.RemoteWebDriver.findElement(RemoteWebDriver.java:363)
	at io.appium.java_client.DefaultGenericMobileDriver.findElement(DefaultGenericMobileDriver.java:58)
	at io.appium.java_client.AppiumDriver.findElement(AppiumDriver.java:1)
	at io.appium.java_client.ios.IOSDriver.findElement(IOSDriver.java:1)
	at io.appium.java_client.pagefactory.bys.ContentMappedBy.findElement(ContentMappedBy.java:36)
	at org.openqa.selenium.remote.RemoteWebDriver.findElement(RemoteWebDriver.java:363)
	at io.appium.java_client.DefaultGenericMobileDriver.findElement(DefaultGenericMobileDriver.java:58)
	at io.appium.java_client.AppiumDriver.findElement(AppiumDriver.java:1)
	at io.appium.java_client.ios.IOSDriver.findElement(IOSDriver.java:1)
	at io.appium.java_client.pagefactory.AppiumElementLocator.lambda$0(AppiumElementLocator.java:96)
	at io.appium.java_client.pagefactory.AppiumElementLocator$WaitingFunction.apply(AppiumElementLocator.java:150)
	at io.appium.java_client.pagefactory.AppiumElementLocator$WaitingFunction.apply(AppiumElementLocator.java:1)
	at org.openqa.selenium.support.ui.FluentWait.until(FluentWait.java:208)
	... 39 more
... Removed 28 stack frames]]>
    </failure>
  </testcase> <!-- NMA_744_VerifyActiveTripPickUpScreenDetails -->
  <testcase name="NMA_793_VerifyUIElementsInPatientInfoRunNumberNnotesForActiveTrip" time="283.098" classname="test_definition.TripList"/>
  <testcase name="NMA_794_VerifyActiveTripPatientInformation" time="369.445" classname="test_definition.TripList"/>
  <testcase name="VerifyMapDirectionAddressDropOffPickUpInActiveTripForSelectedTrip" time="388.275" classname="test_definition.TripList"/>
  <testcase name="FT_Sprint1_0200_VerifyTheWelcomePageAfterLogin" time="70.225" classname="test_definition.Welcome"/>
  <testcase name="FT_Sprint1_0210_verifyOnEnteringTheCompanyNameandTapOnNextButton" time="94.29" classname="test_definition.Welcome"/>
  <testcase name="FT_Sprint1_0210_verifyUserCanEnterTheValueForCompanyNameByCopyPasting" time="75.866" classname="test_definition.Welcome"/>
  <testcase name="FT_Sprint1_0260_verifyCreatingTheShiftWithOneCrew" time="127.128" classname="test_definition.Welcome"/>
  <testcase name="NMA_1360_verifyTheAlertMessageIFWEProvideIncorrectValuesInHomePage" time="108.393" classname="test_definition.Welcome"/>
  <testcase name="NMA_354_verifyShiftSetupWith2CrewMembers" time="161.475" classname="test_definition.Welcome"/>
  <testcase name="NMA_355_685_verifyShiftSetupAddingOnlyOneCrewMember" time="129.533" classname="test_definition.Welcome"/>
  <testcase name="NMA_358_688_verifyCreatingTheShiftWithOneCrew" time="127.773" classname="test_definition.Welcome"/>
  <testcase name="NMA_684_verifyWelcomeORShiftSetupWithCrewMembers" time="162.173" classname="test_definition.Welcome"/>
  <testcase name="VerifyWithoutSelectingTheCompanyTapOnNextButton" time="85.483" classname="test_definition.Welcome"/>
  <testcase name="verifyUserCanTapOnAddCrewButtoninWelcomePage" time="98.546" classname="test_definition.Welcome"/>
  <testcase name="verifyWithOutCompanyNameCanWeNavigateToTripListPage" time="130.116" classname="test_definition.Welcome"/>
</testsuite> <!-- Test -->
